[2015-05-20 05:30:52] production.ERROR: exception 'ErrorException' with message 'array_key_exists() expects parameter 2 to be array, null given' in C:\Users\Hoan\Desktop\2015_De12\GDManager\app\controllers\googleDriveServiceInfo.php:100
Stack trace:
#0 [internal function]: Illuminate\Exception\Handler->handleError(2, 'array_key_exist...', 'C:\\Users\\Hoan\\D...', 100, Array)
#1 C:\Users\Hoan\Desktop\2015_De12\GDManager\app\controllers\googleDriveServiceInfo.php(100): array_key_exists('error', NULL)
#2 [internal function]: googleDriveServiceInfo->getGoogleService()
#3 C:\Users\Hoan\Desktop\2015_De12\GDManager\vendor\laravel\framework\src\Illuminate\Routing\Controller.php(231): call_user_func_array(Array, Array)
#4 C:\Users\Hoan\Desktop\2015_De12\GDManager\vendor\laravel\framework\src\Illuminate\Routing\ControllerDispatcher.php(93): Illuminate\Routing\Controller->callAction('getGoogleServic...', Array)
#5 C:\Users\Hoan\Desktop\2015_De12\GDManager\vendor\laravel\framework\src\Illuminate\Routing\ControllerDispatcher.php(62): Illuminate\Routing\ControllerDispatcher->call(Object(googleDriveServiceInfo), Object(Illuminate\Routing\Route), 'getGoogleServic...')
#6 C:\Users\Hoan\Desktop\2015_De12\GDManager\vendor\laravel\framework\src\Illuminate\Routing\Router.php(967): Illuminate\Routing\ControllerDispatcher->dispatch(Object(Illuminate\Routing\Route), Object(Illuminate\Http\Request), 'googleDriveServ...', 'getGoogleServic...')
#7 [internal function]: Illuminate\Routing\Router->Illuminate\Routing\{closure}()
#8 C:\Users\Hoan\Desktop\2015_De12\GDManager\vendor\laravel\framework\src\Illuminate\Routing\Route.php(109): call_user_func_array(Object(Closure), Array)
#9 C:\Users\Hoan\Desktop\2015_De12\GDManager\vendor\laravel\framework\src\Illuminate\Routing\Router.php(1033): Illuminate\Routing\Route->run(Object(Illuminate\Http\Request))
#10 C:\Users\Hoan\Desktop\2015_De12\GDManager\vendor\laravel\framework\src\Illuminate\Routing\Router.php(1001): Illuminate\Routing\Router->dispatchToRoute(Object(Illuminate\Http\Request))
#11 C:\Users\Hoan\Desktop\2015_De12\GDManager\vendor\laravel\framework\src\Illuminate\Foundation\Application.php(775): Illuminate\Routing\Router->dispatch(Object(Illuminate\Http\Request))
#12 C:\Users\Hoan\Desktop\2015_De12\GDManager\vendor\laravel\framework\src\Illuminate\Foundation\Application.php(745): Illuminate\Foundation\Application->dispatch(Object(Illuminate\Http\Request))
#13 C:\Users\Hoan\Desktop\2015_De12\GDManager\vendor\laravel\framework\src\Illuminate\Session\Middleware.php(72): Illuminate\Foundation\Application->handle(Object(Illuminate\Http\Request), 1, true)
#14 C:\Users\Hoan\Desktop\2015_De12\GDManager\vendor\laravel\framework\src\Illuminate\Cookie\Queue.php(47): Illuminate\Session\Middleware->handle(Object(Illuminate\Http\Request), 1, true)
#15 C:\Users\Hoan\Desktop\2015_De12\GDManager\vendor\laravel\framework\src\Illuminate\Cookie\Guard.php(51): Illuminate\Cookie\Queue->handle(Object(Illuminate\Http\Request), 1, true)
#16 C:\Users\Hoan\Desktop\2015_De12\GDManager\vendor\stack\builder\src\Stack\StackedHttpKernel.php(23): Illuminate\Cookie\Guard->handle(Object(Illuminate\Http\Request), 1, true)
#17 C:\Users\Hoan\Desktop\2015_De12\GDManager\vendor\laravel\framework\src\Illuminate\Foundation\Application.php(641): Stack\StackedHttpKernel->handle(Object(Illuminate\Http\Request))
#18 C:\Users\Hoan\Desktop\2015_De12\GDManager\public\index.php(49): Illuminate\Foundation\Application->run()
#19 C:\Users\Hoan\Desktop\2015_De12\GDManager\server.php(19): require_once('C:\\Users\\Hoan\\D...')
#20 {main} [] []
[2015-05-20 05:32:33] production.ERROR: exception 'ErrorException' with message 'array_key_exists() expects parameter 2 to be array, null given' in C:\Users\Hoan\Desktop\2015_De12\GDManager\app\controllers\googleDriveServiceInfo.php:101
Stack trace:
#0 [internal function]: Illuminate\Exception\Handler->handleError(2, 'array_key_exist...', 'C:\\Users\\Hoan\\D...', 101, Array)
#1 C:\Users\Hoan\Desktop\2015_De12\GDManager\app\controllers\googleDriveServiceInfo.php(101): array_key_exists('error', NULL)
#2 [internal function]: googleDriveServiceInfo->getGoogleService()
#3 C:\Users\Hoan\Desktop\2015_De12\GDManager\vendor\laravel\framework\src\Illuminate\Routing\Controller.php(231): call_user_func_array(Array, Array)
#4 C:\Users\Hoan\Desktop\2015_De12\GDManager\vendor\laravel\framework\src\Illuminate\Routing\ControllerDispatcher.php(93): Illuminate\Routing\Controller->callAction('getGoogleServic...', Array)
#5 C:\Users\Hoan\Desktop\2015_De12\GDManager\vendor\laravel\framework\src\Illuminate\Routing\ControllerDispatcher.php(62): Illuminate\Routing\ControllerDispatcher->call(Object(googleDriveServiceInfo), Object(Illuminate\Routing\Route), 'getGoogleServic...')
#6 C:\Users\Hoan\Desktop\2015_De12\GDManager\vendor\laravel\framework\src\Illuminate\Routing\Router.php(967): Illuminate\Routing\ControllerDispatcher->dispatch(Object(Illuminate\Routing\Route), Object(Illuminate\Http\Request), 'googleDriveServ...', 'getGoogleServic...')
#7 [internal function]: Illuminate\Routing\Router->Illuminate\Routing\{closure}()
#8 C:\Users\Hoan\Desktop\2015_De12\GDManager\vendor\laravel\framework\src\Illuminate\Routing\Route.php(109): call_user_func_array(Object(Closure), Array)
#9 C:\Users\Hoan\Desktop\2015_De12\GDManager\vendor\laravel\framework\src\Illuminate\Routing\Router.php(1033): Illuminate\Routing\Route->run(Object(Illuminate\Http\Request))
#10 C:\Users\Hoan\Desktop\2015_De12\GDManager\vendor\laravel\framework\src\Illuminate\Routing\Router.php(1001): Illuminate\Routing\Router->dispatchToRoute(Object(Illuminate\Http\Request))
#11 C:\Users\Hoan\Desktop\2015_De12\GDManager\vendor\laravel\framework\src\Illuminate\Foundation\Application.php(775): Illuminate\Routing\Router->dispatch(Object(Illuminate\Http\Request))
#12 C:\Users\Hoan\Desktop\2015_De12\GDManager\vendor\laravel\framework\src\Illuminate\Foundation\Application.php(745): Illuminate\Foundation\Application->dispatch(Object(Illuminate\Http\Request))
#13 C:\Users\Hoan\Desktop\2015_De12\GDManager\vendor\laravel\framework\src\Illuminate\Session\Middleware.php(72): Illuminate\Foundation\Application->handle(Object(Illuminate\Http\Request), 1, true)
#14 C:\Users\Hoan\Desktop\2015_De12\GDManager\vendor\laravel\framework\src\Illuminate\Cookie\Queue.php(47): Illuminate\Session\Middleware->handle(Object(Illuminate\Http\Request), 1, true)
#15 C:\Users\Hoan\Desktop\2015_De12\GDManager\vendor\laravel\framework\src\Illuminate\Cookie\Guard.php(51): Illuminate\Cookie\Queue->handle(Object(Illuminate\Http\Request), 1, true)
#16 C:\Users\Hoan\Desktop\2015_De12\GDManager\vendor\stack\builder\src\Stack\StackedHttpKernel.php(23): Illuminate\Cookie\Guard->handle(Object(Illuminate\Http\Request), 1, true)
#17 C:\Users\Hoan\Desktop\2015_De12\GDManager\vendor\laravel\framework\src\Illuminate\Foundation\Application.php(641): Stack\StackedHttpKernel->handle(Object(Illuminate\Http\Request))
#18 C:\Users\Hoan\Desktop\2015_De12\GDManager\public\index.php(49): Illuminate\Foundation\Application->run()
#19 C:\Users\Hoan\Desktop\2015_De12\GDManager\server.php(19): require_once('C:\\Users\\Hoan\\D...')
#20 {main} [] []
[2015-05-20 05:34:59] production.ERROR: exception 'ErrorException' with message 'array_key_exists() expects parameter 2 to be array, null given' in C:\Users\Hoan\Desktop\2015_De12\GDManager\app\controllers\googleDriveServiceInfo.php:102
Stack trace:
#0 [internal function]: Illuminate\Exception\Handler->handleError(2, 'array_key_exist...', 'C:\\Users\\Hoan\\D...', 102, Array)
#1 C:\Users\Hoan\Desktop\2015_De12\GDManager\app\controllers\googleDriveServiceInfo.php(102): array_key_exists('error', NULL)
#2 [internal function]: googleDriveServiceInfo->getGoogleService()
#3 C:\Users\Hoan\Desktop\2015_De12\GDManager\vendor\laravel\framework\src\Illuminate\Routing\Controller.php(231): call_user_func_array(Array, Array)
#4 C:\Users\Hoan\Desktop\2015_De12\GDManager\vendor\laravel\framework\src\Illuminate\Routing\ControllerDispatcher.php(93): Illuminate\Routing\Controller->callAction('getGoogleServic...', Array)
#5 C:\Users\Hoan\Desktop\2015_De12\GDManager\vendor\laravel\framework\src\Illuminate\Routing\ControllerDispatcher.php(62): Illuminate\Routing\ControllerDispatcher->call(Object(googleDriveServiceInfo), Object(Illuminate\Routing\Route), 'getGoogleServic...')
#6 C:\Users\Hoan\Desktop\2015_De12\GDManager\vendor\laravel\framework\src\Illuminate\Routing\Router.php(967): Illuminate\Routing\ControllerDispatcher->dispatch(Object(Illuminate\Routing\Route), Object(Illuminate\Http\Request), 'googleDriveServ...', 'getGoogleServic...')
#7 [internal function]: Illuminate\Routing\Router->Illuminate\Routing\{closure}()
#8 C:\Users\Hoan\Desktop\2015_De12\GDManager\vendor\laravel\framework\src\Illuminate\Routing\Route.php(109): call_user_func_array(Object(Closure), Array)
#9 C:\Users\Hoan\Desktop\2015_De12\GDManager\vendor\laravel\framework\src\Illuminate\Routing\Router.php(1033): Illuminate\Routing\Route->run(Object(Illuminate\Http\Request))
#10 C:\Users\Hoan\Desktop\2015_De12\GDManager\vendor\laravel\framework\src\Illuminate\Routing\Router.php(1001): Illuminate\Routing\Router->dispatchToRoute(Object(Illuminate\Http\Request))
#11 C:\Users\Hoan\Desktop\2015_De12\GDManager\vendor\laravel\framework\src\Illuminate\Foundation\Application.php(775): Illuminate\Routing\Router->dispatch(Object(Illuminate\Http\Request))
#12 C:\Users\Hoan\Desktop\2015_De12\GDManager\vendor\laravel\framework\src\Illuminate\Foundation\Application.php(745): Illuminate\Foundation\Application->dispatch(Object(Illuminate\Http\Request))
#13 C:\Users\Hoan\Desktop\2015_De12\GDManager\vendor\laravel\framework\src\Illuminate\Session\Middleware.php(72): Illuminate\Foundation\Application->handle(Object(Illuminate\Http\Request), 1, true)
#14 C:\Users\Hoan\Desktop\2015_De12\GDManager\vendor\laravel\framework\src\Illuminate\Cookie\Queue.php(47): Illuminate\Session\Middleware->handle(Object(Illuminate\Http\Request), 1, true)
#15 C:\Users\Hoan\Desktop\2015_De12\GDManager\vendor\laravel\framework\src\Illuminate\Cookie\Guard.php(51): Illuminate\Cookie\Queue->handle(Object(Illuminate\Http\Request), 1, true)
#16 C:\Users\Hoan\Desktop\2015_De12\GDManager\vendor\stack\builder\src\Stack\StackedHttpKernel.php(23): Illuminate\Cookie\Guard->handle(Object(Illuminate\Http\Request), 1, true)
#17 C:\Users\Hoan\Desktop\2015_De12\GDManager\vendor\laravel\framework\src\Illuminate\Foundation\Application.php(641): Stack\StackedHttpKernel->handle(Object(Illuminate\Http\Request))
#18 C:\Users\Hoan\Desktop\2015_De12\GDManager\public\index.php(49): Illuminate\Foundation\Application->run()
#19 C:\Users\Hoan\Desktop\2015_De12\GDManager\server.php(19): require_once('C:\\Users\\Hoan\\D...')
#20 {main} [] []
[2015-05-20 05:35:08] production.ERROR: exception 'ErrorException' with message 'array_key_exists() expects parameter 2 to be array, null given' in C:\Users\Hoan\Desktop\2015_De12\GDManager\app\controllers\googleDriveServiceInfo.php:102
Stack trace:
#0 [internal function]: Illuminate\Exception\Handler->handleError(2, 'array_key_exist...', 'C:\\Users\\Hoan\\D...', 102, Array)
#1 C:\Users\Hoan\Desktop\2015_De12\GDManager\app\controllers\googleDriveServiceInfo.php(102): array_key_exists('error', NULL)
#2 [internal function]: googleDriveServiceInfo->getGoogleService()
#3 C:\Users\Hoan\Desktop\2015_De12\GDManager\vendor\laravel\framework\src\Illuminate\Routing\Controller.php(231): call_user_func_array(Array, Array)
#4 C:\Users\Hoan\Desktop\2015_De12\GDManager\vendor\laravel\framework\src\Illuminate\Routing\ControllerDispatcher.php(93): Illuminate\Routing\Controller->callAction('getGoogleServic...', Array)
#5 C:\Users\Hoan\Desktop\2015_De12\GDManager\vendor\laravel\framework\src\Illuminate\Routing\ControllerDispatcher.php(62): Illuminate\Routing\ControllerDispatcher->call(Object(googleDriveServiceInfo), Object(Illuminate\Routing\Route), 'getGoogleServic...')
#6 C:\Users\Hoan\Desktop\2015_De12\GDManager\vendor\laravel\framework\src\Illuminate\Routing\Router.php(967): Illuminate\Routing\ControllerDispatcher->dispatch(Object(Illuminate\Routing\Route), Object(Illuminate\Http\Request), 'googleDriveServ...', 'getGoogleServic...')
#7 [internal function]: Illuminate\Routing\Router->Illuminate\Routing\{closure}()
#8 C:\Users\Hoan\Desktop\2015_De12\GDManager\vendor\laravel\framework\src\Illuminate\Routing\Route.php(109): call_user_func_array(Object(Closure), Array)
#9 C:\Users\Hoan\Desktop\2015_De12\GDManager\vendor\laravel\framework\src\Illuminate\Routing\Router.php(1033): Illuminate\Routing\Route->run(Object(Illuminate\Http\Request))
#10 C:\Users\Hoan\Desktop\2015_De12\GDManager\vendor\laravel\framework\src\Illuminate\Routing\Router.php(1001): Illuminate\Routing\Router->dispatchToRoute(Object(Illuminate\Http\Request))
#11 C:\Users\Hoan\Desktop\2015_De12\GDManager\vendor\laravel\framework\src\Illuminate\Foundation\Application.php(775): Illuminate\Routing\Router->dispatch(Object(Illuminate\Http\Request))
#12 C:\Users\Hoan\Desktop\2015_De12\GDManager\vendor\laravel\framework\src\Illuminate\Foundation\Application.php(745): Illuminate\Foundation\Application->dispatch(Object(Illuminate\Http\Request))
#13 C:\Users\Hoan\Desktop\2015_De12\GDManager\vendor\laravel\framework\src\Illuminate\Session\Middleware.php(72): Illuminate\Foundation\Application->handle(Object(Illuminate\Http\Request), 1, true)
#14 C:\Users\Hoan\Desktop\2015_De12\GDManager\vendor\laravel\framework\src\Illuminate\Cookie\Queue.php(47): Illuminate\Session\Middleware->handle(Object(Illuminate\Http\Request), 1, true)
#15 C:\Users\Hoan\Desktop\2015_De12\GDManager\vendor\laravel\framework\src\Illuminate\Cookie\Guard.php(51): Illuminate\Cookie\Queue->handle(Object(Illuminate\Http\Request), 1, true)
#16 C:\Users\Hoan\Desktop\2015_De12\GDManager\vendor\stack\builder\src\Stack\StackedHttpKernel.php(23): Illuminate\Cookie\Guard->handle(Object(Illuminate\Http\Request), 1, true)
#17 C:\Users\Hoan\Desktop\2015_De12\GDManager\vendor\laravel\framework\src\Illuminate\Foundation\Application.php(641): Stack\StackedHttpKernel->handle(Object(Illuminate\Http\Request))
#18 C:\Users\Hoan\Desktop\2015_De12\GDManager\public\index.php(49): Illuminate\Foundation\Application->run()
#19 C:\Users\Hoan\Desktop\2015_De12\GDManager\server.php(19): require_once('C:\\Users\\Hoan\\D...')
#20 {main} [] []
[2015-05-20 05:35:33] production.ERROR: exception 'ErrorException' with message 'array_key_exists() expects parameter 2 to be array, null given' in C:\Users\Hoan\Desktop\2015_De12\GDManager\app\controllers\googleDriveServiceInfo.php:102
Stack trace:
#0 [internal function]: Illuminate\Exception\Handler->handleError(2, 'array_key_exist...', 'C:\\Users\\Hoan\\D...', 102, Array)
#1 C:\Users\Hoan\Desktop\2015_De12\GDManager\app\controllers\googleDriveServiceInfo.php(102): array_key_exists('error', NULL)
#2 [internal function]: googleDriveServiceInfo->getGoogleService()
#3 C:\Users\Hoan\Desktop\2015_De12\GDManager\vendor\laravel\framework\src\Illuminate\Routing\Controller.php(231): call_user_func_array(Array, Array)
#4 C:\Users\Hoan\Desktop\2015_De12\GDManager\vendor\laravel\framework\src\Illuminate\Routing\ControllerDispatcher.php(93): Illuminate\Routing\Controller->callAction('getGoogleServic...', Array)
#5 C:\Users\Hoan\Desktop\2015_De12\GDManager\vendor\laravel\framework\src\Illuminate\Routing\ControllerDispatcher.php(62): Illuminate\Routing\ControllerDispatcher->call(Object(googleDriveServiceInfo), Object(Illuminate\Routing\Route), 'getGoogleServic...')
#6 C:\Users\Hoan\Desktop\2015_De12\GDManager\vendor\laravel\framework\src\Illuminate\Routing\Router.php(967): Illuminate\Routing\ControllerDispatcher->dispatch(Object(Illuminate\Routing\Route), Object(Illuminate\Http\Request), 'googleDriveServ...', 'getGoogleServic...')
#7 [internal function]: Illuminate\Routing\Router->Illuminate\Routing\{closure}()
#8 C:\Users\Hoan\Desktop\2015_De12\GDManager\vendor\laravel\framework\src\Illuminate\Routing\Route.php(109): call_user_func_array(Object(Closure), Array)
#9 C:\Users\Hoan\Desktop\2015_De12\GDManager\vendor\laravel\framework\src\Illuminate\Routing\Router.php(1033): Illuminate\Routing\Route->run(Object(Illuminate\Http\Request))
#10 C:\Users\Hoan\Desktop\2015_De12\GDManager\vendor\laravel\framework\src\Illuminate\Routing\Router.php(1001): Illuminate\Routing\Router->dispatchToRoute(Object(Illuminate\Http\Request))
#11 C:\Users\Hoan\Desktop\2015_De12\GDManager\vendor\laravel\framework\src\Illuminate\Foundation\Application.php(775): Illuminate\Routing\Router->dispatch(Object(Illuminate\Http\Request))
#12 C:\Users\Hoan\Desktop\2015_De12\GDManager\vendor\laravel\framework\src\Illuminate\Foundation\Application.php(745): Illuminate\Foundation\Application->dispatch(Object(Illuminate\Http\Request))
#13 C:\Users\Hoan\Desktop\2015_De12\GDManager\vendor\laravel\framework\src\Illuminate\Session\Middleware.php(72): Illuminate\Foundation\Application->handle(Object(Illuminate\Http\Request), 1, true)
#14 C:\Users\Hoan\Desktop\2015_De12\GDManager\vendor\laravel\framework\src\Illuminate\Cookie\Queue.php(47): Illuminate\Session\Middleware->handle(Object(Illuminate\Http\Request), 1, true)
#15 C:\Users\Hoan\Desktop\2015_De12\GDManager\vendor\laravel\framework\src\Illuminate\Cookie\Guard.php(51): Illuminate\Cookie\Queue->handle(Object(Illuminate\Http\Request), 1, true)
#16 C:\Users\Hoan\Desktop\2015_De12\GDManager\vendor\stack\builder\src\Stack\StackedHttpKernel.php(23): Illuminate\Cookie\Guard->handle(Object(Illuminate\Http\Request), 1, true)
#17 C:\Users\Hoan\Desktop\2015_De12\GDManager\vendor\laravel\framework\src\Illuminate\Foundation\Application.php(641): Stack\StackedHttpKernel->handle(Object(Illuminate\Http\Request))
#18 C:\Users\Hoan\Desktop\2015_De12\GDManager\public\index.php(49): Illuminate\Foundation\Application->run()
#19 C:\Users\Hoan\Desktop\2015_De12\GDManager\server.php(19): require_once('C:\\Users\\Hoan\\D...')
#20 {main} [] []
[2015-05-20 06:54:03] production.ERROR: exception 'Dropbox\Exception_NetworkIO' with message 'Error executing HTTP request: Operation timed out after 0 milliseconds with 0 out of 0 bytes received' in C:\Users\Hoan\Desktop\2015_De12\GDManager\vendor\dropbox\dropbox-sdk\lib\Dropbox\Curl.php:73
Stack trace:
#0 C:\Users\Hoan\Desktop\2015_De12\GDManager\vendor\dropbox\dropbox-sdk\lib\Dropbox\RequestUtil.php(223): Dropbox\Curl->exec()
#1 C:\Users\Hoan\Desktop\2015_De12\GDManager\vendor\dropbox\dropbox-sdk\lib\Dropbox\Client.php(1379): Dropbox\RequestUtil::doGet('GDManager', 'KIKpxNpxj6AAAAA...', 'UTF-8', 'api.dropbox.com', '1/metadata/auto...', Array)
#2 C:\Users\Hoan\Desktop\2015_De12\GDManager\vendor\dropbox\dropbox-sdk\lib\Dropbox\Client.php(786): Dropbox\Client->doGet('api.dropbox.com', '1/metadata/auto...', Array)
#3 C:\Users\Hoan\Desktop\2015_De12\GDManager\vendor\dropbox\dropbox-sdk\lib\Dropbox\Client.php(773): Dropbox\Client->_getMetadata('/Test2', Array)
#4 C:\Users\Hoan\Desktop\2015_De12\GDManager\app\storage\views\ccccebf15ac5e2f50d5319183bbbe5d8(34): Dropbox\Client->getMetadataWithChildren('/Test2')
#5 C:\Users\Hoan\Desktop\2015_De12\GDManager\app\storage\views\ccccebf15ac5e2f50d5319183bbbe5d8(60): showFolder(Array, Object(Dropbox\Client), 0, '$')
#6 C:\Users\Hoan\Desktop\2015_De12\GDManager\vendor\laravel\framework\src\Illuminate\View\Engines\PhpEngine.php(37): include('C:\\Users\\Hoan\\D...')
#7 C:\Users\Hoan\Desktop\2015_De12\GDManager\vendor\laravel\framework\src\Illuminate\View\Engines\CompilerEngine.php(56): Illuminate\View\Engines\PhpEngine->evaluatePath('C:\\Users\\Hoan\\D...', Array)
#8 C:\Users\Hoan\Desktop\2015_De12\GDManager\vendor\laravel\framework\src\Illuminate\View\View.php(134): Illuminate\View\Engines\CompilerEngine->get('C:\\Users\\Hoan\\D...', Array)
#9 C:\Users\Hoan\Desktop\2015_De12\GDManager\vendor\laravel\framework\src\Illuminate\View\View.php(102): Illuminate\View\View->getContents()
#10 C:\Users\Hoan\Desktop\2015_De12\GDManager\vendor\laravel\framework\src\Illuminate\View\View.php(76): Illuminate\View\View->renderContents()
#11 C:\Users\Hoan\Desktop\2015_De12\GDManager\vendor\laravel\framework\src\Illuminate\Http\Response.php(43): Illuminate\View\View->render()
#12 C:\Users\Hoan\Desktop\2015_De12\GDManager\vendor\symfony\http-foundation\Symfony\Component\HttpFoundation\Response.php(202): Illuminate\Http\Response->setContent(Object(Illuminate\View\View))
#13 C:\Users\Hoan\Desktop\2015_De12\GDManager\vendor\laravel\framework\src\Illuminate\Routing\Router.php(1501): Symfony\Component\HttpFoundation\Response->__construct(Object(Illuminate\View\View))
#14 C:\Users\Hoan\Desktop\2015_De12\GDManager\vendor\laravel\framework\src\Illuminate\Routing\Router.php(1036): Illuminate\Routing\Router->prepareResponse(Object(Illuminate\Http\Request), Object(Illuminate\View\View))
#15 C:\Users\Hoan\Desktop\2015_De12\GDManager\vendor\laravel\framework\src\Illuminate\Routing\Router.php(1001): Illuminate\Routing\Router->dispatchToRoute(Object(Illuminate\Http\Request))
#16 C:\Users\Hoan\Desktop\2015_De12\GDManager\vendor\laravel\framework\src\Illuminate\Foundation\Application.php(775): Illuminate\Routing\Router->dispatch(Object(Illuminate\Http\Request))
#17 C:\Users\Hoan\Desktop\2015_De12\GDManager\vendor\laravel\framework\src\Illuminate\Foundation\Application.php(745): Illuminate\Foundation\Application->dispatch(Object(Illuminate\Http\Request))
#18 C:\Users\Hoan\Desktop\2015_De12\GDManager\vendor\laravel\framework\src\Illuminate\Session\Middleware.php(72): Illuminate\Foundation\Application->handle(Object(Illuminate\Http\Request), 1, true)
#19 C:\Users\Hoan\Desktop\2015_De12\GDManager\vendor\laravel\framework\src\Illuminate\Cookie\Queue.php(47): Illuminate\Session\Middleware->handle(Object(Illuminate\Http\Request), 1, true)
#20 C:\Users\Hoan\Desktop\2015_De12\GDManager\vendor\laravel\framework\src\Illuminate\Cookie\Guard.php(51): Illuminate\Cookie\Queue->handle(Object(Illuminate\Http\Request), 1, true)
#21 C:\Users\Hoan\Desktop\2015_De12\GDManager\vendor\stack\builder\src\Stack\StackedHttpKernel.php(23): Illuminate\Cookie\Guard->handle(Object(Illuminate\Http\Request), 1, true)
#22 C:\Users\Hoan\Desktop\2015_De12\GDManager\vendor\laravel\framework\src\Illuminate\Foundation\Application.php(641): Stack\StackedHttpKernel->handle(Object(Illuminate\Http\Request))
#23 C:\Users\Hoan\Desktop\2015_De12\GDManager\public\index.php(49): Illuminate\Foundation\Application->run()
#24 C:\Users\Hoan\Desktop\2015_De12\GDManager\server.php(19): require_once('C:\\Users\\Hoan\\D...')
#25 {main}

Next exception 'ErrorException' with message 'Error executing HTTP request: Operation timed out after 0 milliseconds with 0 out of 0 bytes received (View: C:\Users\Hoan\Desktop\2015_De12\GDManager\app\views\home.blade.php)' in C:\Users\Hoan\Desktop\2015_De12\GDManager\vendor\dropbox\dropbox-sdk\lib\Dropbox\Curl.php:73
Stack trace:
#0 C:\Users\Hoan\Desktop\2015_De12\GDManager\vendor\laravel\framework\src\Illuminate\View\Engines\PhpEngine.php(41): Illuminate\View\Engines\CompilerEngine->handleViewException(Object(Dropbox\Exception_NetworkIO), 1)
#1 C:\Users\Hoan\Desktop\2015_De12\GDManager\vendor\laravel\framework\src\Illuminate\View\Engines\CompilerEngine.php(56): Illuminate\View\Engines\PhpEngine->evaluatePath('C:\\Users\\Hoan\\D...', Array)
#2 C:\Users\Hoan\Desktop\2015_De12\GDManager\vendor\laravel\framework\src\Illuminate\View\View.php(134): Illuminate\View\Engines\CompilerEngine->get('C:\\Users\\Hoan\\D...', Array)
#3 C:\Users\Hoan\Desktop\2015_De12\GDManager\vendor\laravel\framework\src\Illuminate\View\View.php(102): Illuminate\View\View->getContents()
#4 C:\Users\Hoan\Desktop\2015_De12\GDManager\vendor\laravel\framework\src\Illuminate\View\View.php(76): Illuminate\View\View->renderContents()
#5 C:\Users\Hoan\Desktop\2015_De12\GDManager\vendor\laravel\framework\src\Illuminate\Http\Response.php(43): Illuminate\View\View->render()
#6 C:\Users\Hoan\Desktop\2015_De12\GDManager\vendor\symfony\http-foundation\Symfony\Component\HttpFoundation\Response.php(202): Illuminate\Http\Response->setContent(Object(Illuminate\View\View))
#7 C:\Users\Hoan\Desktop\2015_De12\GDManager\vendor\laravel\framework\src\Illuminate\Routing\Router.php(1501): Symfony\Component\HttpFoundation\Response->__construct(Object(Illuminate\View\View))
#8 C:\Users\Hoan\Desktop\2015_De12\GDManager\vendor\laravel\framework\src\Illuminate\Routing\Router.php(1036): Illuminate\Routing\Router->prepareResponse(Object(Illuminate\Http\Request), Object(Illuminate\View\View))
#9 C:\Users\Hoan\Desktop\2015_De12\GDManager\vendor\laravel\framework\src\Illuminate\Routing\Router.php(1001): Illuminate\Routing\Router->dispatchToRoute(Object(Illuminate\Http\Request))
#10 C:\Users\Hoan\Desktop\2015_De12\GDManager\vendor\laravel\framework\src\Illuminate\Foundation\Application.php(775): Illuminate\Routing\Router->dispatch(Object(Illuminate\Http\Request))
#11 C:\Users\Hoan\Desktop\2015_De12\GDManager\vendor\laravel\framework\src\Illuminate\Foundation\Application.php(745): Illuminate\Foundation\Application->dispatch(Object(Illuminate\Http\Request))
#12 C:\Users\Hoan\Desktop\2015_De12\GDManager\vendor\laravel\framework\src\Illuminate\Session\Middleware.php(72): Illuminate\Foundation\Application->handle(Object(Illuminate\Http\Request), 1, true)
#13 C:\Users\Hoan\Desktop\2015_De12\GDManager\vendor\laravel\framework\src\Illuminate\Cookie\Queue.php(47): Illuminate\Session\Middleware->handle(Object(Illuminate\Http\Request), 1, true)
#14 C:\Users\Hoan\Desktop\2015_De12\GDManager\vendor\laravel\framework\src\Illuminate\Cookie\Guard.php(51): Illuminate\Cookie\Queue->handle(Object(Illuminate\Http\Request), 1, true)
#15 C:\Users\Hoan\Desktop\2015_De12\GDManager\vendor\stack\builder\src\Stack\StackedHttpKernel.php(23): Illuminate\Cookie\Guard->handle(Object(Illuminate\Http\Request), 1, true)
#16 C:\Users\Hoan\Desktop\2015_De12\GDManager\vendor\laravel\framework\src\Illuminate\Foundation\Application.php(641): Stack\StackedHttpKernel->handle(Object(Illuminate\Http\Request))
#17 C:\Users\Hoan\Desktop\2015_De12\GDManager\public\index.php(49): Illuminate\Foundation\Application->run()
#18 C:\Users\Hoan\Desktop\2015_De12\GDManager\server.php(19): require_once('C:\\Users\\Hoan\\D...')
#19 {main} [] []
